{"/home/crea/project/ft_transcendence/srcs/auth-service/src/services/database.service.ts": {"path":"/home/crea/project/ft_transcendence/srcs/auth-service/src/services/database.service.ts","statementMap":{"0":{"start":{"line":13,"column":4},"end":{"line":13,"column":null}},"1":{"start":{"line":16,"column":4},"end":{"line":16,"column":null}},"2":{"start":{"line":17,"column":4},"end":{"line":17,"column":null}},"3":{"start":{"line":18,"column":4},"end":{"line":18,"column":null}},"4":{"start":{"line":23,"column":17},"end":{"line":23,"column":null}},"5":{"start":{"line":24,"column":4},"end":{"line":24,"column":null}},"6":{"start":{"line":34,"column":15},"end":{"line":34,"column":null}},"7":{"start":{"line":37,"column":4},"end":{"line":40,"column":null}},"8":{"start":{"line":38,"column":19},"end":{"line":38,"column":null}},"9":{"start":{"line":39,"column":6},"end":{"line":39,"column":null}},"10":{"start":{"line":42,"column":4},"end":{"line":42,"column":null}},"11":{"start":{"line":46,"column":17},"end":{"line":46,"column":null}},"12":{"start":{"line":47,"column":4},"end":{"line":47,"column":null}},"13":{"start":{"line":51,"column":17},"end":{"line":51,"column":null}},"14":{"start":{"line":52,"column":4},"end":{"line":52,"column":null}},"15":{"start":{"line":61,"column":17},"end":{"line":64,"column":null}},"16":{"start":{"line":66,"column":17},"end":{"line":72,"column":null}},"17":{"start":{"line":74,"column":17},"end":{"line":74,"column":null}},"18":{"start":{"line":75,"column":4},"end":{"line":77,"column":null}},"19":{"start":{"line":76,"column":6},"end":{"line":76,"column":null}},"20":{"start":{"line":79,"column":4},"end":{"line":79,"column":null}},"21":{"start":{"line":83,"column":29},"end":{"line":83,"column":null}},"22":{"start":{"line":84,"column":26},"end":{"line":84,"column":null}},"23":{"start":{"line":86,"column":4},"end":{"line":91,"column":null}},"24":{"start":{"line":87,"column":6},"end":{"line":90,"column":null}},"25":{"start":{"line":88,"column":8},"end":{"line":88,"column":null}},"26":{"start":{"line":89,"column":8},"end":{"line":89,"column":null}},"27":{"start":{"line":93,"column":4},"end":{"line":93,"column":null}},"28":{"start":{"line":93,"column":29},"end":{"line":93,"column":null}},"29":{"start":{"line":95,"column":4},"end":{"line":95,"column":null}},"30":{"start":{"line":96,"column":17},"end":{"line":100,"column":null}},"31":{"start":{"line":102,"column":4},"end":{"line":102,"column":null}},"32":{"start":{"line":107,"column":17},"end":{"line":115,"column":null}},"33":{"start":{"line":116,"column":4},"end":{"line":116,"column":null}},"34":{"start":{"line":120,"column":17},"end":{"line":126,"column":null}},"35":{"start":{"line":127,"column":4},"end":{"line":127,"column":null}},"36":{"start":{"line":132,"column":17},"end":{"line":136,"column":null}},"37":{"start":{"line":137,"column":4},"end":{"line":137,"column":null}},"38":{"start":{"line":142,"column":17},"end":{"line":142,"column":null}},"39":{"start":{"line":143,"column":4},"end":{"line":145,"column":null}},"40":{"start":{"line":144,"column":6},"end":{"line":144,"column":null}},"41":{"start":{"line":147,"column":24},"end":{"line":147,"column":null}},"42":{"start":{"line":148,"column":18},"end":{"line":148,"column":null}},"43":{"start":{"line":148,"column":48},"end":{"line":148,"column":65}},"44":{"start":{"line":150,"column":4},"end":{"line":152,"column":null}},"45":{"start":{"line":151,"column":6},"end":{"line":151,"column":null}},"46":{"start":{"line":155,"column":4},"end":{"line":155,"column":null}},"47":{"start":{"line":158,"column":17},"end":{"line":162,"column":null}},"48":{"start":{"line":163,"column":4},"end":{"line":163,"column":null}},"49":{"start":{"line":165,"column":4},"end":{"line":165,"column":null}},"50":{"start":{"line":170,"column":17},"end":{"line":173,"column":null}},"51":{"start":{"line":174,"column":4},"end":{"line":174,"column":null}},"52":{"start":{"line":178,"column":17},"end":{"line":182,"column":null}},"53":{"start":{"line":183,"column":19},"end":{"line":183,"column":null}},"54":{"start":{"line":184,"column":4},"end":{"line":184,"column":null}},"55":{"start":{"line":188,"column":17},"end":{"line":188,"column":null}},"56":{"start":{"line":189,"column":4},"end":{"line":189,"column":null}},"57":{"start":{"line":194,"column":17},"end":{"line":196,"column":null}},"58":{"start":{"line":197,"column":4},"end":{"line":197,"column":null}},"59":{"start":{"line":201,"column":4},"end":{"line":201,"column":null}}},"fnMap":{"0":{"name":"(anonymous_0)","decl":{"start":{"line":12,"column":2},"end":{"line":12,"column":14}},"loc":{"start":{"line":12,"column":30},"end":{"line":19,"column":null}},"line":12},"1":{"name":"(anonymous_1)","decl":{"start":{"line":22,"column":2},"end":{"line":22,"column":18}},"loc":{"start":{"line":22,"column":51},"end":{"line":25,"column":null}},"line":22},"2":{"name":"(anonymous_2)","decl":{"start":{"line":32,"column":2},"end":{"line":32,"column":23}},"loc":{"start":{"line":32,"column":61},"end":{"line":43,"column":null}},"line":32},"3":{"name":"(anonymous_3)","decl":{"start":{"line":45,"column":2},"end":{"line":45,"column":15}},"loc":{"start":{"line":45,"column":45},"end":{"line":48,"column":null}},"line":45},"4":{"name":"(anonymous_4)","decl":{"start":{"line":50,"column":2},"end":{"line":50,"column":21}},"loc":{"start":{"line":50,"column":57},"end":{"line":53,"column":null}},"line":50},"5":{"name":"(anonymous_5)","decl":{"start":{"line":55,"column":2},"end":{"line":55,"column":13}},"loc":{"start":{"line":60,"column":11},"end":{"line":80,"column":null}},"line":60},"6":{"name":"(anonymous_6)","decl":{"start":{"line":82,"column":2},"end":{"line":82,"column":13}},"loc":{"start":{"line":82,"column":52},"end":{"line":103,"column":null}},"line":82},"7":{"name":"(anonymous_7)","decl":{"start":{"line":86,"column":33},"end":{"line":86,"column":34}},"loc":{"start":{"line":86,"column":51},"end":{"line":91,"column":5}},"line":86},"8":{"name":"(anonymous_8)","decl":{"start":{"line":106,"column":2},"end":{"line":106,"column":12}},"loc":{"start":{"line":106,"column":76},"end":{"line":117,"column":null}},"line":106},"9":{"name":"(anonymous_9)","decl":{"start":{"line":119,"column":2},"end":{"line":119,"column":13}},"loc":{"start":{"line":119,"column":35},"end":{"line":128,"column":null}},"line":119},"10":{"name":"(anonymous_10)","decl":{"start":{"line":131,"column":2},"end":{"line":131,"column":22}},"loc":{"start":{"line":131,"column":69},"end":{"line":138,"column":null}},"line":131},"11":{"name":"(anonymous_11)","decl":{"start":{"line":141,"column":2},"end":{"line":141,"column":16}},"loc":{"start":{"line":141,"column":59},"end":{"line":166,"column":null}},"line":141},"12":{"name":"(anonymous_12)","decl":{"start":{"line":148,"column":40},"end":{"line":148,"column":48}},"loc":{"start":{"line":148,"column":48},"end":{"line":148,"column":65}},"line":148},"13":{"name":"(anonymous_13)","decl":{"start":{"line":169,"column":2},"end":{"line":169,"column":17}},"loc":{"start":{"line":169,"column":55},"end":{"line":175,"column":null}},"line":169},"14":{"name":"(anonymous_14)","decl":{"start":{"line":177,"column":2},"end":{"line":177,"column":21}},"loc":{"start":{"line":177,"column":45},"end":{"line":185,"column":null}},"line":177},"15":{"name":"(anonymous_15)","decl":{"start":{"line":187,"column":2},"end":{"line":187,"column":19}},"loc":{"start":{"line":187,"column":40},"end":{"line":190,"column":null}},"line":187},"16":{"name":"(anonymous_16)","decl":{"start":{"line":193,"column":2},"end":{"line":193,"column":31}},"loc":{"start":{"line":193,"column":31},"end":{"line":198,"column":null}},"line":193},"17":{"name":"(anonymous_17)","decl":{"start":{"line":200,"column":2},"end":{"line":200,"column":16}},"loc":{"start":{"line":200,"column":16},"end":{"line":202,"column":null}},"line":200}},"branchMap":{"0":{"loc":{"start":{"line":37,"column":4},"end":{"line":40,"column":null}},"type":"if","locations":[{"start":{"line":37,"column":4},"end":{"line":40,"column":null}},{"start":{},"end":{}}],"line":37},"1":{"loc":{"start":{"line":69,"column":6},"end":{"line":69,"column":null}},"type":"binary-expr","locations":[{"start":{"line":69,"column":6},"end":{"line":69,"column":28}},{"start":{"line":69,"column":28},"end":{"line":69,"column":null}}],"line":69},"2":{"loc":{"start":{"line":70,"column":6},"end":{"line":70,"column":null}},"type":"binary-expr","locations":[{"start":{"line":70,"column":6},"end":{"line":70,"column":24}},{"start":{"line":70,"column":24},"end":{"line":70,"column":null}}],"line":70},"3":{"loc":{"start":{"line":71,"column":6},"end":{"line":71,"column":null}},"type":"cond-expr","locations":[{"start":{"line":71,"column":23},"end":{"line":71,"column":27}},{"start":{"line":71,"column":27},"end":{"line":71,"column":null}}],"line":71},"4":{"loc":{"start":{"line":75,"column":4},"end":{"line":77,"column":null}},"type":"if","locations":[{"start":{"line":75,"column":4},"end":{"line":77,"column":null}},{"start":{},"end":{}}],"line":75},"5":{"loc":{"start":{"line":87,"column":6},"end":{"line":90,"column":null}},"type":"if","locations":[{"start":{"line":87,"column":6},"end":{"line":90,"column":null}},{"start":{},"end":{}}],"line":87},"6":{"loc":{"start":{"line":93,"column":4},"end":{"line":93,"column":null}},"type":"if","locations":[{"start":{"line":93,"column":4},"end":{"line":93,"column":null}},{"start":{},"end":{}}],"line":93},"7":{"loc":{"start":{"line":116,"column":21},"end":{"line":116,"column":46}},"type":"binary-expr","locations":[{"start":{"line":116,"column":21},"end":{"line":116,"column":40}},{"start":{"line":116,"column":40},"end":{"line":116,"column":46}}],"line":116},"8":{"loc":{"start":{"line":143,"column":4},"end":{"line":145,"column":null}},"type":"if","locations":[{"start":{"line":143,"column":4},"end":{"line":145,"column":null}},{"start":{},"end":{}}],"line":143},"9":{"loc":{"start":{"line":143,"column":8},"end":{"line":143,"column":37}},"type":"binary-expr","locations":[{"start":{"line":143,"column":8},"end":{"line":143,"column":17}},{"start":{"line":143,"column":17},"end":{"line":143,"column":37}}],"line":143},"10":{"loc":{"start":{"line":150,"column":4},"end":{"line":152,"column":null}},"type":"if","locations":[{"start":{"line":150,"column":4},"end":{"line":152,"column":null}},{"start":{},"end":{}}],"line":150},"11":{"loc":{"start":{"line":174,"column":20},"end":{"line":174,"column":34}},"type":"binary-expr","locations":[{"start":{"line":174,"column":20},"end":{"line":174,"column":30}},{"start":{"line":174,"column":30},"end":{"line":174,"column":34}}],"line":174}},"s":{"0":30,"1":30,"2":30,"3":30,"4":5,"5":5,"6":3,"7":3,"8":2,"9":2,"10":3,"11":34,"12":34,"13":2,"14":2,"15":23,"16":23,"17":23,"18":23,"19":0,"20":21,"21":3,"22":3,"23":3,"24":3,"25":3,"26":3,"27":3,"28":1,"29":2,"30":2,"31":2,"32":5,"33":5,"34":1,"35":1,"36":1,"37":1,"38":3,"39":3,"40":1,"41":2,"42":2,"43":3,"44":2,"45":1,"46":1,"47":1,"48":1,"49":1,"50":7,"51":7,"52":8,"53":8,"54":8,"55":1,"56":1,"57":1,"58":1,"59":30},"f":{"0":30,"1":5,"2":3,"3":34,"4":2,"5":23,"6":3,"7":3,"8":5,"9":1,"10":1,"11":3,"12":3,"13":7,"14":8,"15":1,"16":1,"17":30},"b":{"0":[2,1],"1":[23,22],"2":[23,21],"3":[2,21],"4":[0,23],"5":[3,0],"6":[1,2],"7":[5,1],"8":[1,2],"9":[3,3],"10":[1,1],"11":[7,6]},"meta":{"lastBranch":12,"lastFunction":18,"lastStatement":60,"seen":{"f:12:2:12:14":0,"s:13:4:13:Infinity":0,"s:16:4:16:Infinity":1,"s:17:4:17:Infinity":2,"s:18:4:18:Infinity":3,"f:22:2:22:18":1,"s:23:17:23:Infinity":4,"s:24:4:24:Infinity":5,"f:32:2:32:23":2,"s:34:15:34:Infinity":6,"b:37:4:40:Infinity:undefined:undefined:undefined:undefined":0,"s:37:4:40:Infinity":7,"s:38:19:38:Infinity":8,"s:39:6:39:Infinity":9,"s:42:4:42:Infinity":10,"f:45:2:45:15":3,"s:46:17:46:Infinity":11,"s:47:4:47:Infinity":12,"f:50:2:50:21":4,"s:51:17:51:Infinity":13,"s:52:4:52:Infinity":14,"f:55:2:55:13":5,"s:61:17:64:Infinity":15,"s:66:17:72:Infinity":16,"b:69:6:69:28:69:28:69:Infinity":1,"b:70:6:70:24:70:24:70:Infinity":2,"b:71:23:71:27:71:27:71:Infinity":3,"s:74:17:74:Infinity":17,"b:75:4:77:Infinity:undefined:undefined:undefined:undefined":4,"s:75:4:77:Infinity":18,"s:76:6:76:Infinity":19,"s:79:4:79:Infinity":20,"f:82:2:82:13":6,"s:83:29:83:Infinity":21,"s:84:26:84:Infinity":22,"s:86:4:91:Infinity":23,"f:86:33:86:34":7,"b:87:6:90:Infinity:undefined:undefined:undefined:undefined":5,"s:87:6:90:Infinity":24,"s:88:8:88:Infinity":25,"s:89:8:89:Infinity":26,"b:93:4:93:Infinity:undefined:undefined:undefined:undefined":6,"s:93:4:93:Infinity":27,"s:93:29:93:Infinity":28,"s:95:4:95:Infinity":29,"s:96:17:100:Infinity":30,"s:102:4:102:Infinity":31,"f:106:2:106:12":8,"s:107:17:115:Infinity":32,"s:116:4:116:Infinity":33,"b:116:21:116:40:116:40:116:46":7,"f:119:2:119:13":9,"s:120:17:126:Infinity":34,"s:127:4:127:Infinity":35,"f:131:2:131:22":10,"s:132:17:136:Infinity":36,"s:137:4:137:Infinity":37,"f:141:2:141:16":11,"s:142:17:142:Infinity":38,"b:143:4:145:Infinity:undefined:undefined:undefined:undefined":8,"s:143:4:145:Infinity":39,"b:143:8:143:17:143:17:143:37":9,"s:144:6:144:Infinity":40,"s:147:24:147:Infinity":41,"s:148:18:148:Infinity":42,"f:148:40:148:48":12,"s:148:48:148:65":43,"b:150:4:152:Infinity:undefined:undefined:undefined:undefined":10,"s:150:4:152:Infinity":44,"s:151:6:151:Infinity":45,"s:155:4:155:Infinity":46,"s:158:17:162:Infinity":47,"s:163:4:163:Infinity":48,"s:165:4:165:Infinity":49,"f:169:2:169:17":13,"s:170:17:173:Infinity":50,"s:174:4:174:Infinity":51,"b:174:20:174:30:174:30:174:34":11,"f:177:2:177:21":14,"s:178:17:182:Infinity":52,"s:183:19:183:Infinity":53,"s:184:4:184:Infinity":54,"f:187:2:187:19":15,"s:188:17:188:Infinity":55,"s:189:4:189:Infinity":56,"f:193:2:193:31":16,"s:194:17:196:Infinity":57,"s:197:4:197:Infinity":58,"f:200:2:200:16":17,"s:201:4:201:Infinity":59}}}
,"/home/crea/project/ft_transcendence/srcs/auth-service/src/utils/auth.utils.ts": {"path":"/home/crea/project/ft_transcendence/srcs/auth-service/src/utils/auth.utils.ts","statementMap":{"0":{"start":{"line":10,"column":20},"end":{"line":10,"column":null}},"1":{"start":{"line":14,"column":2},"end":{"line":14,"column":null}},"2":{"start":{"line":21,"column":2},"end":{"line":21,"column":null}},"3":{"start":{"line":29,"column":20},"end":{"line":33,"column":null}},"4":{"start":{"line":35,"column":2},"end":{"line":38,"column":null}},"5":{"start":{"line":42,"column":2},"end":{"line":42,"column":null}},"6":{"start":{"line":46,"column":2},"end":{"line":51,"column":null}},"7":{"start":{"line":55,"column":26},"end":{"line":55,"column":null}},"8":{"start":{"line":56,"column":2},"end":{"line":60,"column":null}},"9":{"start":{"line":56,"column":15},"end":{"line":56,"column":18}},"10":{"start":{"line":58,"column":17},"end":{"line":58,"column":null}},"11":{"start":{"line":59,"column":4},"end":{"line":59,"column":null}},"12":{"start":{"line":61,"column":2},"end":{"line":61,"column":null}},"13":{"start":{"line":65,"column":32},"end":{"line":65,"column":null}},"14":{"start":{"line":66,"column":2},"end":{"line":69,"column":null}},"15":{"start":{"line":67,"column":19},"end":{"line":67,"column":null}},"16":{"start":{"line":68,"column":4},"end":{"line":68,"column":null}},"17":{"start":{"line":70,"column":2},"end":{"line":70,"column":null}},"18":{"start":{"line":74,"column":2},"end":{"line":74,"column":null}},"19":{"start":{"line":79,"column":16},"end":{"line":79,"column":null}},"20":{"start":{"line":80,"column":15},"end":{"line":80,"column":null}},"21":{"start":{"line":81,"column":2},"end":{"line":83,"column":null}},"22":{"start":{"line":81,"column":15},"end":{"line":81,"column":18}},"23":{"start":{"line":82,"column":4},"end":{"line":82,"column":null}},"24":{"start":{"line":84,"column":2},"end":{"line":84,"column":null}},"25":{"start":{"line":89,"column":21},"end":{"line":89,"column":null}},"26":{"start":{"line":90,"column":2},"end":{"line":90,"column":null}},"27":{"start":{"line":98,"column":27},"end":{"line":98,"column":null}},"28":{"start":{"line":100,"column":2},"end":{"line":102,"column":null}},"29":{"start":{"line":101,"column":4},"end":{"line":101,"column":null}},"30":{"start":{"line":103,"column":2},"end":{"line":105,"column":null}},"31":{"start":{"line":104,"column":4},"end":{"line":104,"column":null}},"32":{"start":{"line":106,"column":2},"end":{"line":108,"column":null}},"33":{"start":{"line":107,"column":4},"end":{"line":107,"column":null}},"34":{"start":{"line":109,"column":2},"end":{"line":111,"column":null}},"35":{"start":{"line":110,"column":4},"end":{"line":110,"column":null}},"36":{"start":{"line":112,"column":2},"end":{"line":114,"column":null}},"37":{"start":{"line":113,"column":4},"end":{"line":113,"column":null}},"38":{"start":{"line":116,"column":2},"end":{"line":119,"column":null}}},"fnMap":{"0":{"name":"hashPassword","decl":{"start":{"line":13,"column":22},"end":{"line":13,"column":35}},"loc":{"start":{"line":13,"column":70},"end":{"line":15,"column":null}},"line":13},"1":{"name":"verifyPassword","decl":{"start":{"line":17,"column":22},"end":{"line":17,"column":null}},"loc":{"start":{"line":20,"column":20},"end":{"line":22,"column":null}},"line":20},"2":{"name":"generate2FASecret","decl":{"start":{"line":25,"column":16},"end":{"line":25,"column":34}},"loc":{"start":{"line":28,"column":2},"end":{"line":39,"column":null}},"line":28},"3":{"name":"generate2FAQRCode","decl":{"start":{"line":41,"column":22},"end":{"line":41,"column":40}},"loc":{"start":{"line":41,"column":78},"end":{"line":43,"column":null}},"line":41},"4":{"name":"verify2FAToken","decl":{"start":{"line":45,"column":16},"end":{"line":45,"column":31}},"loc":{"start":{"line":45,"column":71},"end":{"line":52,"column":null}},"line":45},"5":{"name":"generateBackupCodes","decl":{"start":{"line":54,"column":16},"end":{"line":54,"column":36}},"loc":{"start":{"line":54,"column":66},"end":{"line":62,"column":null}},"line":54},"6":{"name":"hashBackupCodes","decl":{"start":{"line":64,"column":22},"end":{"line":64,"column":38}},"loc":{"start":{"line":64,"column":74},"end":{"line":71,"column":null}},"line":64},"7":{"name":"verifyBackupCode","decl":{"start":{"line":73,"column":22},"end":{"line":73,"column":39}},"loc":{"start":{"line":73,"column":85},"end":{"line":75,"column":null}},"line":73},"8":{"name":"generateRandomString","decl":{"start":{"line":78,"column":16},"end":{"line":78,"column":37}},"loc":{"start":{"line":78,"column":66},"end":{"line":85,"column":null}},"line":78},"9":{"name":"isValidEmail","decl":{"start":{"line":88,"column":16},"end":{"line":88,"column":29}},"loc":{"start":{"line":88,"column":53},"end":{"line":91,"column":null}},"line":88},"10":{"name":"isStrongPassword","decl":{"start":{"line":94,"column":16},"end":{"line":94,"column":33}},"loc":{"start":{"line":97,"column":2},"end":{"line":120,"column":null}},"line":97}},"branchMap":{"0":{"loc":{"start":{"line":54,"column":36},"end":{"line":54,"column":66}},"type":"default-arg","locations":[{"start":{"line":54,"column":52},"end":{"line":54,"column":66}}],"line":54},"1":{"loc":{"start":{"line":78,"column":37},"end":{"line":78,"column":66}},"type":"default-arg","locations":[{"start":{"line":78,"column":54},"end":{"line":78,"column":66}}],"line":78},"2":{"loc":{"start":{"line":100,"column":2},"end":{"line":102,"column":null}},"type":"if","locations":[{"start":{"line":100,"column":2},"end":{"line":102,"column":null}},{"start":{},"end":{}}],"line":100},"3":{"loc":{"start":{"line":103,"column":2},"end":{"line":105,"column":null}},"type":"if","locations":[{"start":{"line":103,"column":2},"end":{"line":105,"column":null}},{"start":{},"end":{}}],"line":103},"4":{"loc":{"start":{"line":106,"column":2},"end":{"line":108,"column":null}},"type":"if","locations":[{"start":{"line":106,"column":2},"end":{"line":108,"column":null}},{"start":{},"end":{}}],"line":106},"5":{"loc":{"start":{"line":109,"column":2},"end":{"line":111,"column":null}},"type":"if","locations":[{"start":{"line":109,"column":2},"end":{"line":111,"column":null}},{"start":{},"end":{}}],"line":109},"6":{"loc":{"start":{"line":112,"column":2},"end":{"line":114,"column":null}},"type":"if","locations":[{"start":{"line":112,"column":2},"end":{"line":114,"column":null}},{"start":{},"end":{}}],"line":112}},"s":{"0":2,"1":10,"2":4,"3":1,"4":1,"5":0,"6":1,"7":2,"8":2,"9":2,"10":20,"11":20,"12":2,"13":3,"14":3,"15":4,"16":4,"17":3,"18":2,"19":0,"20":0,"21":0,"22":0,"23":0,"24":0,"25":0,"26":0,"27":6,"28":6,"29":1,"30":6,"31":1,"32":6,"33":1,"34":6,"35":1,"36":6,"37":1,"38":6},"f":{"0":10,"1":4,"2":1,"3":0,"4":1,"5":2,"6":3,"7":2,"8":0,"9":0,"10":6},"b":{"0":[2],"1":[0],"2":[1,5],"3":[1,5],"4":[1,5],"5":[1,5],"6":[1,5]},"meta":{"lastBranch":7,"lastFunction":11,"lastStatement":39,"seen":{"s:10:20:10:Infinity":0,"f:13:22:13:35":0,"s:14:2:14:Infinity":1,"f:17:22:17:Infinity":1,"s:21:2:21:Infinity":2,"f:25:16:25:34":2,"s:29:20:33:Infinity":3,"s:35:2:38:Infinity":4,"f:41:22:41:40":3,"s:42:2:42:Infinity":5,"f:45:16:45:31":4,"s:46:2:51:Infinity":6,"f:54:16:54:36":5,"b:54:52:54:66":0,"s:55:26:55:Infinity":7,"s:56:2:60:Infinity":8,"s:56:15:56:18":9,"s:58:17:58:Infinity":10,"s:59:4:59:Infinity":11,"s:61:2:61:Infinity":12,"f:64:22:64:38":6,"s:65:32:65:Infinity":13,"s:66:2:69:Infinity":14,"s:67:19:67:Infinity":15,"s:68:4:68:Infinity":16,"s:70:2:70:Infinity":17,"f:73:22:73:39":7,"s:74:2:74:Infinity":18,"f:78:16:78:37":8,"b:78:54:78:66":1,"s:79:16:79:Infinity":19,"s:80:15:80:Infinity":20,"s:81:2:83:Infinity":21,"s:81:15:81:18":22,"s:82:4:82:Infinity":23,"s:84:2:84:Infinity":24,"f:88:16:88:29":9,"s:89:21:89:Infinity":25,"s:90:2:90:Infinity":26,"f:94:16:94:33":10,"s:98:27:98:Infinity":27,"b:100:2:102:Infinity:undefined:undefined:undefined:undefined":2,"s:100:2:102:Infinity":28,"s:101:4:101:Infinity":29,"b:103:2:105:Infinity:undefined:undefined:undefined:undefined":3,"s:103:2:105:Infinity":30,"s:104:4:104:Infinity":31,"b:106:2:108:Infinity:undefined:undefined:undefined:undefined":4,"s:106:2:108:Infinity":32,"s:107:4:107:Infinity":33,"b:109:2:111:Infinity:undefined:undefined:undefined:undefined":5,"s:109:2:111:Infinity":34,"s:110:4:110:Infinity":35,"b:112:2:114:Infinity:undefined:undefined:undefined:undefined":6,"s:112:2:114:Infinity":36,"s:113:4:113:Infinity":37,"s:116:2:119:Infinity":38}}}
}
