{"/home/crea/project/ft_transcendence/srcs/api-gateway/src/middleware/auth.middleware.ts": {"path":"/home/crea/project/ft_transcendence/srcs/api-gateway/src/middleware/auth.middleware.ts","statementMap":{"0":{"start":{"line":15,"column":2},"end":{"line":28,"column":null}},"1":{"start":{"line":19,"column":4},"end":{"line":27,"column":null}},"2":{"start":{"line":20,"column":6},"end":{"line":20,"column":null}},"3":{"start":{"line":22,"column":6},"end":{"line":26,"column":null}},"4":{"start":{"line":33,"column":2},"end":{"line":43,"column":null}},"5":{"start":{"line":37,"column":4},"end":{"line":42,"column":null}},"6":{"start":{"line":38,"column":6},"end":{"line":38,"column":null}},"7":{"start":{"line":41,"column":6},"end":{"line":41,"column":null}}},"fnMap":{"0":{"name":"createAuthDecorators","decl":{"start":{"line":11,"column":16},"end":{"line":11,"column":37}},"loc":{"start":{"line":11,"column":69},"end":{"line":44,"column":null}},"line":11},"1":{"name":"(anonymous_1)","decl":{"start":{"line":15,"column":35},"end":{"line":15,"column":null}},"loc":{"start":{"line":18,"column":19},"end":{"line":28,"column":3}},"line":18},"2":{"name":"(anonymous_2)","decl":{"start":{"line":33,"column":35},"end":{"line":33,"column":null}},"loc":{"start":{"line":36,"column":19},"end":{"line":43,"column":3}},"line":36}},"branchMap":{},"s":{"0":7,"1":5,"2":5,"3":3,"4":7,"5":5,"6":5,"7":3},"f":{"0":7,"1":5,"2":5},"b":{},"meta":{"lastBranch":0,"lastFunction":3,"lastStatement":8,"seen":{"f:11:16:11:37":0,"s:15:2:28:Infinity":0,"f:15:35:15:Infinity":1,"s:19:4:27:Infinity":1,"s:20:6:20:Infinity":2,"s:22:6:26:Infinity":3,"s:33:2:43:Infinity":4,"f:33:35:33:Infinity":2,"s:37:4:42:Infinity":5,"s:38:6:38:Infinity":6,"s:41:6:41:Infinity":7}}}
,"/home/crea/project/ft_transcendence/srcs/api-gateway/src/utils/proxy.utils.ts": {"path":"/home/crea/project/ft_transcendence/srcs/api-gateway/src/utils/proxy.utils.ts","statementMap":{"0":{"start":{"line":16,"column":21},"end":{"line":18,"column":null}},"1":{"start":{"line":20,"column":2},"end":{"line":20,"column":null}},"2":{"start":{"line":31,"column":42},"end":{"line":35,"column":null}},"3":{"start":{"line":38,"column":2},"end":{"line":40,"column":null}},"4":{"start":{"line":39,"column":4},"end":{"line":39,"column":null}},"5":{"start":{"line":43,"column":2},"end":{"line":45,"column":null}},"6":{"start":{"line":44,"column":4},"end":{"line":44,"column":null}},"7":{"start":{"line":47,"column":2},"end":{"line":47,"column":null}},"8":{"start":{"line":54,"column":2},"end":{"line":54,"column":null}}},"fnMap":{"0":{"name":"buildTargetUrl","decl":{"start":{"line":11,"column":16},"end":{"line":11,"column":null}},"loc":{"start":{"line":15,"column":10},"end":{"line":21,"column":null}},"line":15},"1":{"name":"extractHeaders","decl":{"start":{"line":26,"column":16},"end":{"line":26,"column":null}},"loc":{"start":{"line":30,"column":26},"end":{"line":48,"column":null}},"line":30},"2":{"name":"shouldForwardBody","decl":{"start":{"line":53,"column":16},"end":{"line":53,"column":34}},"loc":{"start":{"line":53,"column":59},"end":{"line":55,"column":null}},"line":53}},"branchMap":{"0":{"loc":{"start":{"line":16,"column":21},"end":{"line":18,"column":null}},"type":"cond-expr","locations":[{"start":{"line":17,"column":6},"end":{"line":17,"column":null}},{"start":{"line":18,"column":6},"end":{"line":18,"column":null}}],"line":16},"1":{"loc":{"start":{"line":16,"column":21},"end":{"line":16,"column":null}},"type":"binary-expr","locations":[{"start":{"line":16,"column":21},"end":{"line":16,"column":36}},{"start":{"line":16,"column":36},"end":{"line":16,"column":null}}],"line":16},"2":{"loc":{"start":{"line":32,"column":21},"end":{"line":32,"column":null}},"type":"binary-expr","locations":[{"start":{"line":32,"column":21},"end":{"line":32,"column":66}},{"start":{"line":32,"column":66},"end":{"line":32,"column":null}}],"line":32},"3":{"loc":{"start":{"line":38,"column":2},"end":{"line":40,"column":null}},"type":"if","locations":[{"start":{"line":38,"column":2},"end":{"line":40,"column":null}},{"start":{},"end":{}}],"line":38},"4":{"loc":{"start":{"line":43,"column":2},"end":{"line":45,"column":null}},"type":"if","locations":[{"start":{"line":43,"column":2},"end":{"line":45,"column":null}},{"start":{},"end":{}}],"line":43}},"s":{"0":4,"1":4,"2":3,"3":3,"4":1,"5":3,"6":1,"7":3,"8":6},"f":{"0":4,"1":3,"2":6},"b":{"0":[2,2],"1":[4,3],"2":[3,0],"3":[1,2],"4":[1,2]},"meta":{"lastBranch":5,"lastFunction":3,"lastStatement":9,"seen":{"f:11:16:11:Infinity":0,"s:16:21:18:Infinity":0,"b:17:6:17:Infinity:18:6:18:Infinity":0,"b:16:21:16:36:16:36:16:Infinity":1,"s:20:2:20:Infinity":1,"f:26:16:26:Infinity":1,"s:31:42:35:Infinity":2,"b:32:21:32:66:32:66:32:Infinity":2,"b:38:2:40:Infinity:undefined:undefined:undefined:undefined":3,"s:38:2:40:Infinity":3,"s:39:4:39:Infinity":4,"b:43:2:45:Infinity:undefined:undefined:undefined:undefined":4,"s:43:2:45:Infinity":5,"s:44:4:44:Infinity":6,"s:47:2:47:Infinity":7,"f:53:16:53:34":2,"s:54:2:54:Infinity":8}}}
}
